<?xml version="1.0" encoding="UTF-8"?>
<testsuite name="hausaufgabe1.AppTest" tests="1" skipped="0" failures="0" errors="0" timestamp="2020-10-09T12:37:48" hostname="Yanniks-MBP.fritz.box" time="0.018">
  <properties/>
  <testcase name="appHasAGreeting()" classname="hausaufgabe1.AppTest" time="0.018"/>
  <system-out><![CDATA[]]></system-out>
  <system-err><![CDATA[]]></system-err>
</testsuite>
